index.html:1 A cookie associated with a cross-site resource at http://webrtc.github.io/ was set without the `SameSite` attribute. It has been blocked, as Chrome now only delivers cookies with cross-site requests if they are set with `SameSite=None` and `Secure`. You can review cookies in developer tools under Application>Storage>Cookies and see more details at https://www.chromestatus.com/feature/5088147346030592 and https://www.chromestatus.com/feature/5633521622188032.
main.js:284 10.089 Requesting local stream.
main.js:284 10.996 Received local stream.
main.js:284 11.029 localVideo videoWidth: 640px, videoHeight: 480px.
main.js:284 46.191 Starting call.
main.js:284 46.191 Using video device: Full HD webcam (1bcf:2284).
main.js:284 46.192 Created local peer connection object localPeerConnection.
main.js:284 46.194 Created remote peer connection object remotePeerConnection.
main.js:284 46.196 Added local stream to localPeerConnection.
main.js:284 46.196 localPeerConnection createOffer start.
main.js:284 46.198 Offer from localPeerConnection:
v=0
o=- 2703829278600979903 2 IN IP4 127.0.0.1
s=-
t=0 0
a=group:BUNDLE 0
a=msid-semantic: WMS Mmhjhum3zgVfpVGju86JZEYkNVl6Mlh6bSmc
m=video 9 UDP/TLS/RTP/SAVPF 96 97 98 99 100 101 102 122 127 121 125 107 108 109 124 120 123 119 114 115 116
c=IN IP4 0.0.0.0
a=rtcp:9 IN IP4 0.0.0.0
a=ice-ufrag:8v7x
a=ice-pwd:ktwHHI2wOSTPoP2waX6qXd2d
a=ice-options:trickle
a=fingerprint:sha-256 E5:97:B5:EA:E0:2A:EA:F5:A7:DE:74:B3:F0:D5:1E:42:BE:8F:CD:67:E4:C4:7D:BE:6D:87:29:67:F2:61:46:FB
a=setup:actpass
a=mid:0
a=extmap:14 urn:ietf:params:rtp-hdrext:toffset
a=extmap:2 http://www.webrtc.org/experiments/rtp-hdrext/abs-send-time
a=extmap:13 urn:3gpp:video-orientation
a=extmap:3 http://www.ietf.org/id/draft-holmer-rmcat-transport-wide-cc-extensions-01
a=extmap:12 http://www.webrtc.org/experiments/rtp-hdrext/playout-delay
a=extmap:11 http://www.webrtc.org/experiments/rtp-hdrext/video-content-type
a=extmap:7 http://www.webrtc.org/experiments/rtp-hdrext/video-timing
a=extmap:8 http://tools.ietf.org/html/draft-ietf-avtext-framemarking-07
a=extmap:9 http://www.webrtc.org/experiments/rtp-hdrext/color-space
a=extmap:4 urn:ietf:params:rtp-hdrext:sdes:mid
a=extmap:5 urn:ietf:params:rtp-hdrext:sdes:rtp-stream-id
a=extmap:6 urn:ietf:params:rtp-hdrext:sdes:repaired-rtp-stream-id
a=sendrecv
a=msid:Mmhjhum3zgVfpVGju86JZEYkNVl6Mlh6bSmc 181ad50d-76b1-4d05-b001-8478d64c7a6b
a=rtcp-mux
a=rtcp-rsize
a=rtpmap:96 VP8/90000
a=rtcp-fb:96 goog-remb
a=rtcp-fb:96 transport-cc
a=rtcp-fb:96 ccm fir
a=rtcp-fb:96 nack
a=rtcp-fb:96 nack pli
a=rtpmap:97 rtx/90000
a=fmtp:97 apt=96
a=rtpmap:98 VP9/90000
a=rtcp-fb:98 goog-remb
a=rtcp-fb:98 transport-cc
a=rtcp-fb:98 ccm fir
a=rtcp-fb:98 nack
a=rtcp-fb:98 nack pli
a=fmtp:98 profile-id=0
a=rtpmap:99 rtx/90000
a=fmtp:99 apt=98
a=rtpmap:100 VP9/90000
a=rtcp-fb:100 goog-remb
a=rtcp-fb:100 transport-cc
a=rtcp-fb:100 ccm fir
a=rtcp-fb:100 nack
a=rtcp-fb:100 nack pli
a=fmtp:100 profile-id=2
a=rtpmap:101 rtx/90000
a=fmtp:101 apt=100
a=rtpmap:102 H264/90000
a=rtcp-fb:102 goog-remb
a=rtcp-fb:102 transport-cc
a=rtcp-fb:102 ccm fir
a=rtcp-fb:102 nack
a=rtcp-fb:102 nack pli
a=fmtp:102 level-asymmetry-allowed=1;packetization-mode=1;profile-level-id=42001f
a=rtpmap:122 rtx/90000
a=fmtp:122 apt=102
a=rtpmap:127 H264/90000
a=rtcp-fb:127 goog-remb
a=rtcp-fb:127 transport-cc
a=rtcp-fb:127 ccm fir
a=rtcp-fb:127 nack
a=rtcp-fb:127 nack pli
a=fmtp:127 level-asymmetry-allowed=1;packetization-mode=0;profile-level-id=42001f
a=rtpmap:121 rtx/90000
a=fmtp:121 apt=127
a=rtpmap:125 H264/90000
a=rtcp-fb:125 goog-remb
a=rtcp-fb:125 transport-cc
a=rtcp-fb:125 ccm fir
a=rtcp-fb:125 nack
a=rtcp-fb:125 nack pli
a=fmtp:125 level-asymmetry-allowed=1;packetization-mode=1;profile-level-id=42e01f
a=rtpmap:107 rtx/90000
a=fmtp:107 apt=125
a=rtpmap:108 H264/90000
a=rtcp-fb:108 goog-remb
a=rtcp-fb:108 transport-cc
a=rtcp-fb:108 ccm fir
a=rtcp-fb:108 nack
a=rtcp-fb:108 nack pli
a=fmtp:108 level-asymmetry-allowed=1;packetization-mode=0;profile-level-id=42e01f
a=rtpmap:109 rtx/90000
a=fmtp:109 apt=108
a=rtpmap:124 H264/90000
a=rtcp-fb:124 goog-remb
a=rtcp-fb:124 transport-cc
a=rtcp-fb:124 ccm fir
a=rtcp-fb:124 nack
a=rtcp-fb:124 nack pli
a=fmtp:124 level-asymmetry-allowed=1;packetization-mode=1;profile-level-id=4d0032
a=rtpmap:120 rtx/90000
a=fmtp:120 apt=124
a=rtpmap:123 H264/90000
a=rtcp-fb:123 goog-remb
a=rtcp-fb:123 transport-cc
a=rtcp-fb:123 ccm fir
a=rtcp-fb:123 nack
a=rtcp-fb:123 nack pli
a=fmtp:123 level-asymmetry-allowed=1;packetization-mode=1;profile-level-id=640032
a=rtpmap:119 rtx/90000
a=fmtp:119 apt=123
a=rtpmap:114 red/90000
a=rtpmap:115 rtx/90000
a=fmtp:115 apt=114
a=rtpmap:116 ulpfec/90000
a=ssrc-group:FID 3929676190 3563209025
a=ssrc:3929676190 cname:5iF/lQW034C6avq6
a=ssrc:3929676190 msid:Mmhjhum3zgVfpVGju86JZEYkNVl6Mlh6bSmc 181ad50d-76b1-4d05-b001-8478d64c7a6b
a=ssrc:3929676190 mslabel:Mmhjhum3zgVfpVGju86JZEYkNVl6Mlh6bSmc
a=ssrc:3929676190 label:181ad50d-76b1-4d05-b001-8478d64c7a6b
a=ssrc:3563209025 cname:5iF/lQW034C6avq6
a=ssrc:3563209025 msid:Mmhjhum3zgVfpVGju86JZEYkNVl6Mlh6bSmc 181ad50d-76b1-4d05-b001-8478d64c7a6b
a=ssrc:3563209025 mslabel:Mmhjhum3zgVfpVGju86JZEYkNVl6Mlh6bSmc
a=ssrc:3563209025 label:181ad50d-76b1-4d05-b001-8478d64c7a6b
main.js:284 46.199 localPeerConnection setLocalDescription start.
main.js:284 46.200 remotePeerConnection setRemoteDescription start.
main.js:284 46.203 remotePeerConnection createAnswer start.
main.js:284 46.231 localPeerConnection setLocalDescription complete.
main.js:284 46.232 Answer from remotePeerConnection:
v=0
o=- 6723254757023017045 2 IN IP4 127.0.0.1
s=-
t=0 0
a=group:BUNDLE 0
a=msid-semantic: WMS
m=video 9 UDP/TLS/RTP/SAVPF 96 97 98 99 100 101 102 122 127 121 125 107 108 109 124 120 123 119 114 115 116
c=IN IP4 0.0.0.0
a=rtcp:9 IN IP4 0.0.0.0
a=ice-ufrag:Eb9j
a=ice-pwd:Xj0vCkED7Z89ugTZ9cjEHsKg
a=ice-options:trickle
a=fingerprint:sha-256 B1:53:BC:CB:C6:B5:3D:99:A1:E0:BE:78:4A:F1:17:BD:14:61:83:5F:AD:80:F8:65:A6:8C:EE:43:94:DE:0B:2F
a=setup:active
a=mid:0
a=extmap:14 urn:ietf:params:rtp-hdrext:toffset
a=extmap:2 http://www.webrtc.org/experiments/rtp-hdrext/abs-send-time
a=extmap:13 urn:3gpp:video-orientation
a=extmap:3 http://www.ietf.org/id/draft-holmer-rmcat-transport-wide-cc-extensions-01
a=extmap:12 http://www.webrtc.org/experiments/rtp-hdrext/playout-delay
a=extmap:11 http://www.webrtc.org/experiments/rtp-hdrext/video-content-type
a=extmap:7 http://www.webrtc.org/experiments/rtp-hdrext/video-timing
a=extmap:8 http://tools.ietf.org/html/draft-ietf-avtext-framemarking-07
a=extmap:9 http://www.webrtc.org/experiments/rtp-hdrext/color-space
a=extmap:4 urn:ietf:params:rtp-hdrext:sdes:mid
a=extmap:5 urn:ietf:params:rtp-hdrext:sdes:rtp-stream-id
a=extmap:6 urn:ietf:params:rtp-hdrext:sdes:repaired-rtp-stream-id
a=recvonly
a=rtcp-mux
a=rtcp-rsize
a=rtpmap:96 VP8/90000
a=rtcp-fb:96 goog-remb
a=rtcp-fb:96 transport-cc
a=rtcp-fb:96 ccm fir
a=rtcp-fb:96 nack
a=rtcp-fb:96 nack pli
a=rtpmap:97 rtx/90000
a=fmtp:97 apt=96
a=rtpmap:98 VP9/90000
a=rtcp-fb:98 goog-remb
a=rtcp-fb:98 transport-cc
a=rtcp-fb:98 ccm fir
a=rtcp-fb:98 nack
a=rtcp-fb:98 nack pli
a=fmtp:98 profile-id=0
a=rtpmap:99 rtx/90000
a=fmtp:99 apt=98
a=rtpmap:100 VP9/90000
a=rtcp-fb:100 goog-remb
a=rtcp-fb:100 transport-cc
a=rtcp-fb:100 ccm fir
a=rtcp-fb:100 nack
a=rtcp-fb:100 nack pli
a=fmtp:100 profile-id=2
a=rtpmap:101 rtx/90000
a=fmtp:101 apt=100
a=rtpmap:102 H264/90000
a=rtcp-fb:102 goog-remb
a=rtcp-fb:102 transport-cc
a=rtcp-fb:102 ccm fir
a=rtcp-fb:102 nack
a=rtcp-fb:102 nack pli
a=fmtp:102 level-asymmetry-allowed=1;packetization-mode=1;profile-level-id=42001f
a=rtpmap:122 rtx/90000
a=fmtp:122 apt=102
a=rtpmap:127 H264/90000
a=rtcp-fb:127 goog-remb
a=rtcp-fb:127 transport-cc
a=rtcp-fb:127 ccm fir
a=rtcp-fb:127 nack
a=rtcp-fb:127 nack pli
a=fmtp:127 level-asymmetry-allowed=1;packetization-mode=0;profile-level-id=42001f
a=rtpmap:121 rtx/90000
a=fmtp:121 apt=127
a=rtpmap:125 H264/90000
a=rtcp-fb:125 goog-remb
a=rtcp-fb:125 transport-cc
a=rtcp-fb:125 ccm fir
a=rtcp-fb:125 nack
a=rtcp-fb:125 nack pli
a=fmtp:125 level-asymmetry-allowed=1;packetization-mode=1;profile-level-id=42e01f
a=rtpmap:107 rtx/90000
a=fmtp:107 apt=125
a=rtpmap:108 H264/90000
a=rtcp-fb:108 goog-remb
a=rtcp-fb:108 transport-cc
a=rtcp-fb:108 ccm fir
a=rtcp-fb:108 nack
a=rtcp-fb:108 nack pli
a=fmtp:108 level-asymmetry-allowed=1;packetization-mode=0;profile-level-id=42e01f
a=rtpmap:109 rtx/90000
a=fmtp:109 apt=108
a=rtpmap:124 H264/90000
a=rtcp-fb:124 goog-remb
a=rtcp-fb:124 transport-cc
a=rtcp-fb:124 ccm fir
a=rtcp-fb:124 nack
a=rtcp-fb:124 nack pli
a=fmtp:124 level-asymmetry-allowed=1;packetization-mode=1;profile-level-id=4d0032
a=rtpmap:120 rtx/90000
a=fmtp:120 apt=124
a=rtpmap:123 H264/90000
a=rtcp-fb:123 goog-remb
a=rtcp-fb:123 transport-cc
a=rtcp-fb:123 ccm fir
a=rtcp-fb:123 nack
a=rtcp-fb:123 nack pli
a=fmtp:123 level-asymmetry-allowed=1;packetization-mode=1;profile-level-id=640032
a=rtpmap:119 rtx/90000
a=fmtp:119 apt=123
a=rtpmap:114 red/90000
a=rtpmap:115 rtx/90000
a=fmtp:115 apt=114
a=rtpmap:116 ulpfec/90000
.
main.js:284 46.232 remotePeerConnection setLocalDescription start.
main.js:284 46.234 localPeerConnection setRemoteDescription start.
main.js:284 46.236 Remote peer connection received remote stream.
main.js:284 46.237 remotePeerConnection setRemoteDescription complete.
main.js:284 46.267 remotePeerConnection setLocalDescription complete.
main.js:284 46.267 localPeerConnection setRemoteDescription complete.
main.js:284 46.268 localPeerConnection ICE candidate:
candidate:2999745851 1 udp 2122260223 192.168.56.1 49590 typ host generation 0 ufrag 8v7x network-id 2.
main.js:284 46.268 localPeerConnection ICE candidate:
candidate:430735571 1 udp 2122194687 192.168.1.102 49591 typ host generation 0 ufrag 8v7x network-id 1 network-cost 10.
main.js:117 ICE state change event:  Event {isTrusted: true, type: "iceconnectionstatechange", target: RTCPeerConnection, currentTarget: RTCPeerConnection, eventPhase: 2, …}
main.js:284 46.269 remotePeerConnection ICE state: checking.
main.js:284 46.269 localPeerConnection addIceCandidate success.
main.js:284 46.270 localPeerConnection addIceCandidate success.
main.js:117 ICE state change event:  Event {isTrusted: true, type: "iceconnectionstatechange", target: RTCPeerConnection, currentTarget: RTCPeerConnection, eventPhase: 2, …}
main.js:284 46.270 localPeerConnection ICE state: checking.
main.js:284 46.271 remotePeerConnection ICE candidate:
candidate:2999745851 1 udp 2122260223 192.168.56.1 49592 typ host generation 0 ufrag Eb9j network-id 2.
main.js:284 46.274 remotePeerConnection ICE candidate:
candidate:430735571 1 udp 2122194687 192.168.1.102 49593 typ host generation 0 ufrag Eb9j network-id 1 network-cost 10.
main.js:117 ICE state change event:  Event {isTrusted: true, type: "iceconnectionstatechange", target: RTCPeerConnection, currentTarget: RTCPeerConnection, eventPhase: 2, …}
main.js:284 46.275 remotePeerConnection ICE state: connected.
main.js:117 ICE state change event:  Event {isTrusted: true, type: "iceconnectionstatechange", target: RTCPeerConnection, currentTarget: RTCPeerConnection, eventPhase: 2, …}
main.js:284 46.275 localPeerConnection ICE state: connected.
main.js:284 46.276 remotePeerConnection addIceCandidate success.
main.js:284 46.276 remotePeerConnection addIceCandidate success.
main.js:284 46.371 remoteVideo videoWidth: 640px, videoHeight: 480px.
main.js:284 93.939 Ending call.
